c:\users\sancho\documents\visual studio 2015\projects\aus-semestralka-yanouski\aus-semestralka-yanouski\debug\vc140.pdb
c:\users\sancho\documents\visual studio 2015\projects\aus-semestralka-yanouski\aus-semestralka-yanouski\debug\vc140.idb
c:\users\sancho\documents\visual studio 2015\projects\aus-semestralka-yanouski\aus-semestralka-yanouski\debug\den.obj
c:\users\sancho\documents\visual studio 2015\projects\aus-semestralka-yanouski\aus-semestralka-yanouski\debug\farma.obj
c:\users\sancho\documents\visual studio 2015\projects\aus-semestralka-yanouski\aus-semestralka-yanouski\debug\main.obj
c:\users\sancho\documents\visual studio 2015\projects\aus-semestralka-yanouski\aus-semestralka-yanouski\debug\objednavka.obj
c:\users\sancho\documents\visual studio 2015\projects\aus-semestralka-yanouski\aus-semestralka-yanouski\debug\sklad.obj
c:\users\sancho\documents\visual studio 2015\projects\aus-semestralka-yanouski\aus-semestralka-yanouski\debug\ds_routines.obj
c:\users\sancho\documents\visual studio 2015\projects\aus-semestralka-yanouski\aus-semestralka-yanouski\debug\ds_structure_factory.obj
c:\users\sancho\documents\visual studio 2015\projects\aus-semestralka-yanouski\aus-semestralka-yanouski\debug\memory_routines.obj
c:\users\sancho\documents\visual studio 2015\projects\aus-semestralka-yanouski\aus-semestralka-yanouski\debug\structure.obj
c:\users\sancho\documents\visual studio 2015\projects\aus-semestralka-yanouski\aus-semestralka-yanouski\debug\vector.obj
c:\users\sancho\documents\visual studio 2015\projects\aus-semestralka-yanouski\aus-semestralka-yanouski\debug\vozidlo.obj
c:\users\sancho\documents\visual studio 2015\projects\aus-semestralka-yanouski\aus-semestralka-yanouski\debug\zakaznik.obj
c:\users\sancho\documents\visual studio 2015\projects\aus-semestralka-yanouski\debug\aus-semestralka-yanouski.ilk
c:\users\sancho\documents\visual studio 2015\projects\aus-semestralka-yanouski\debug\aus-semestralka-yanouski.exe
c:\users\sancho\documents\visual studio 2015\projects\aus-semestralka-yanouski\debug\aus-semestralka-yanouski.pdb
c:\users\sancho\documents\visual studio 2015\projects\aus-semestralka-yanouski\aus-semestralka-yanouski\debug\aus-seme.696d947a.tlog\cl.command.1.tlog
c:\users\sancho\documents\visual studio 2015\projects\aus-semestralka-yanouski\aus-semestralka-yanouski\debug\aus-seme.696d947a.tlog\cl.read.1.tlog
c:\users\sancho\documents\visual studio 2015\projects\aus-semestralka-yanouski\aus-semestralka-yanouski\debug\aus-seme.696d947a.tlog\cl.write.1.tlog
c:\users\sancho\documents\visual studio 2015\projects\aus-semestralka-yanouski\aus-semestralka-yanouski\debug\aus-seme.696d947a.tlog\link.command.1.tlog
c:\users\sancho\documents\visual studio 2015\projects\aus-semestralka-yanouski\aus-semestralka-yanouski\debug\aus-seme.696d947a.tlog\link.read.1.tlog
c:\users\sancho\documents\visual studio 2015\projects\aus-semestralka-yanouski\aus-semestralka-yanouski\debug\aus-seme.696d947a.tlog\link.write.1.tlog
